\BOOKMARK [0][-]{chapter.1}{Introduzione}{}% 1
\BOOKMARK [0][-]{chapter.2}{Analisi}{}% 2
\BOOKMARK [1][-]{section.2.1}{Modello di dominio}{chapter.2}% 3
\BOOKMARK [1][-]{section.2.2}{Casi d'uso}{chapter.2}% 4
\BOOKMARK [0][-]{chapter.3}{Tecnologie}{}% 5
\BOOKMARK [1][-]{section.3.1}{JBoss}{chapter.3}% 6
\BOOKMARK [1][-]{section.3.2}{JPA}{chapter.3}% 7
\BOOKMARK [2][-]{subsection.3.2.1}{Introduzione}{section.3.2}% 8
\BOOKMARK [2][-]{subsection.3.2.2}{Mapping fra modello Relazione e a Oggetti}{section.3.2}% 9
\BOOKMARK [2][-]{subsection.3.2.3}{JPA}{section.3.2}% 10
\BOOKMARK [1][-]{section.3.3}{CDI}{chapter.3}% 11
\BOOKMARK [2][-]{subsection.3.3.1}{Introduzione}{section.3.3}% 12
\BOOKMARK [2][-]{subsection.3.3.2}{Caratteristiche}{section.3.3}% 13
\BOOKMARK [2][-]{subsection.3.3.3}{Bean}{section.3.3}% 14
\BOOKMARK [1][-]{section.3.4}{JSF}{chapter.3}% 15
\BOOKMARK [2][-]{subsection.3.4.1}{Introduzione}{section.3.4}% 16
\BOOKMARK [2][-]{subsection.3.4.2}{Caratteristiche}{section.3.4}% 17
\BOOKMARK [2][-]{subsection.3.4.3}{Funzionamento}{section.3.4}% 18
\BOOKMARK [1][-]{section.3.5}{Deltaspike}{chapter.3}% 19
\BOOKMARK [2][-]{subsection.3.5.1}{Caratteristiche Generali}{section.3.5}% 20
\BOOKMARK [2][-]{subsection.3.5.2}{Rendere sicuro un metodo}{section.3.5}% 21
\BOOKMARK [2][-]{subsection.3.5.3}{Rendere sicura una pagina}{section.3.5}% 22
\BOOKMARK [0][-]{chapter.4}{Utilizzo}{}% 23
